<?xml version="1.0" encoding="UTF-8"?>
<testsuite xmlns:xsi="http://www.w3.org/2001/XMLSchema-instance" xsi:noNamespaceSchemaLocation="https://maven.apache.org/surefire/maven-surefire-plugin/xsd/surefire-test-report-3.0.xsd" version="3.0" name="com.example.servingwebcontent.MultiRegionAnalysisUnitTest" time="0.118" tests="10" errors="0" skipped="0" failures="0">
  <properties>
[...]
</properties>
  <testcase name="testAnomalyDetection" classname="com.example.servingwebcontent.MultiRegionAnalysisUnitTest" time="0.049"/>
  <testcase name="testFeaturePenalties" classname="com.example.servingwebcontent.MultiRegionAnalysisUnitTest" time="0.003"/>
  <testcase name="testFraudNodeClassification" classname="com.example.servingwebcontent.MultiRegionAnalysisUnitTest" time="0.006"/>
  <testcase name="testSafeNodeClassification" classname="com.example.servingwebcontent.MultiRegionAnalysisUnitTest" time="0.002"/>
  <testcase name="testEdgeCaseAllZeros" classname="com.example.servingwebcontent.MultiRegionAnalysisUnitTest" time="0.002"/>
  <testcase name="testEdgeCaseAllMax" classname="com.example.servingwebcontent.MultiRegionAnalysisUnitTest" time="0.001"/>
  <testcase name="testSuspiciousNodeClassification" classname="com.example.servingwebcontent.MultiRegionAnalysisUnitTest" time="0.002"/>
  <testcase name="testDistanceCalculations" classname="com.example.servingwebcontent.MultiRegionAnalysisUnitTest" time="0.001"/>
  <testcase name="testProbabilityNormalization" classname="com.example.servingwebcontent.MultiRegionAnalysisUnitTest" time="0.001"/>
  <testcase name="testPrimaryRegionIdentification" classname="com.example.servingwebcontent.MultiRegionAnalysisUnitTest" time="0.002"/>
</testsuite>